ReferenceError: /home/venerispro/webluatsu_frontend/views/admin/practice_areas.ejs:60
    58|                                 </thead>
    59|                             <tbody>
 >> 60|                                 <% for(post of post_list) { %>
    61|                                     <tr id="post-info-<%= post.PostID%>">
    62|                                         <td class="text-center">
    63|                                             <input type="checkbox" id="child" onclick="detectCheckedAll()">

post_list is not defined
    at eval (eval at compile (/home/venerispro/nodevenv/webluatsu_frontend/10/lib/node_modules/ejs/lib/ejs.js:662:12), <anonymous>:21:20)
    at practice_areas (/home/venerispro/nodevenv/webluatsu_frontend/10/lib/node_modules/ejs/lib/ejs.js:692:17)
    at tryHandleCache (/home/venerispro/nodevenv/webluatsu_frontend/10/lib/node_modules/ejs/lib/ejs.js:272:36)
    at View.exports.renderFile [as engine] (/home/venerispro/nodevenv/webluatsu_frontend/10/lib/node_modules/ejs/lib/ejs.js:489:10)
    at View.render (/home/venerispro/nodevenv/webluatsu_frontend/10/lib/node_modules/express/lib/view.js:135:8)
    at tryRender (/home/venerispro/nodevenv/webluatsu_frontend/10/lib/node_modules/express/lib/application.js:640:10)
    at Function.render (/home/venerispro/nodevenv/webluatsu_frontend/10/lib/node_modules/express/lib/application.js:592:3)
    at ServerResponse.render (/home/venerispro/nodevenv/webluatsu_frontend/10/lib/node_modules/express/lib/response.js:1012:7)
    at router.get (/home/venerispro/webluatsu_frontend/routes/admin/index.js:369:13)
    at Layer.handle [as handle_request] (/home/venerispro/nodevenv/webluatsu_frontend/10/lib/node_modules/express/lib/router/layer.js:95:5)
ReferenceError: /home/venerispro/webluatsu_frontend/views/admin/practice_areas.ejs:60
    58|                                 </thead>
    59|                             <tbody>
 >> 60|                                 <% for(post of post_list) { %>
    61|                                     <tr id="post-info-<%= post.PostID%>">
    62|                                         <td class="text-center">
    63|                                             <input type="checkbox" id="child" onclick="detectCheckedAll()">

post_list is not defined
    at eval (eval at compile (/home/venerispro/nodevenv/webluatsu_frontend/10/lib/node_modules/ejs/lib/ejs.js:662:12), <anonymous>:21:20)
    at practice_areas (/home/venerispro/nodevenv/webluatsu_frontend/10/lib/node_modules/ejs/lib/ejs.js:692:17)
    at tryHandleCache (/home/venerispro/nodevenv/webluatsu_frontend/10/lib/node_modules/ejs/lib/ejs.js:272:36)
    at View.exports.renderFile [as engine] (/home/venerispro/nodevenv/webluatsu_frontend/10/lib/node_modules/ejs/lib/ejs.js:489:10)
    at View.render (/home/venerispro/nodevenv/webluatsu_frontend/10/lib/node_modules/express/lib/view.js:135:8)
    at tryRender (/home/venerispro/nodevenv/webluatsu_frontend/10/lib/node_modules/express/lib/application.js:640:10)
    at Function.render (/home/venerispro/nodevenv/webluatsu_frontend/10/lib/node_modules/express/lib/application.js:592:3)
    at ServerResponse.render (/home/venerispro/nodevenv/webluatsu_frontend/10/lib/node_modules/express/lib/response.js:1012:7)
    at router.get (/home/venerispro/webluatsu_frontend/routes/admin/index.js:369:13)
    at Layer.handle [as handle_request] (/home/venerispro/nodevenv/webluatsu_frontend/10/lib/node_modules/express/lib/router/layer.js:95:5)
