TypeError: /home/venerispro/webluatsu_frontend/views/client/profile.ejs:189
    187|                           <div class="timeline-content">
    188|                             <span>Cơ quan</span>
 >> 189|                             <div class="row-result"><%= lawyer.experiences[0].Company %></div>
    190|                           </div>
    191|                         </div>
    192|                         <div class="experience-content">

Cannot read property 'Company' of undefined
    at eval (eval at compile (/home/venerispro/nodevenv/webluatsu_frontend/10/lib/node_modules/ejs/lib/ejs.js:662:12), <anonymous>:85:48)
    at profile (/home/venerispro/nodevenv/webluatsu_frontend/10/lib/node_modules/ejs/lib/ejs.js:692:17)
    at tryHandleCache (/home/venerispro/nodevenv/webluatsu_frontend/10/lib/node_modules/ejs/lib/ejs.js:272:36)
    at View.exports.renderFile [as engine] (/home/venerispro/nodevenv/webluatsu_frontend/10/lib/node_modules/ejs/lib/ejs.js:489:10)
    at View.render (/home/venerispro/nodevenv/webluatsu_frontend/10/lib/node_modules/express/lib/view.js:135:8)
    at tryRender (/home/venerispro/nodevenv/webluatsu_frontend/10/lib/node_modules/express/lib/application.js:640:10)
    at Function.render (/home/venerispro/nodevenv/webluatsu_frontend/10/lib/node_modules/express/lib/application.js:592:3)
    at ServerResponse.render (/home/venerispro/nodevenv/webluatsu_frontend/10/lib/node_modules/express/lib/response.js:1012:7)
    at /home/venerispro/webluatsu_frontend/routes/client/index.js:548:20
    at process._tickCallback (internal/process/next_tick.js:68:7)
(node:6963) UnhandledPromiseRejectionWarning: Error: Request failed with status code 503
    at createError (/home/venerispro/nodevenv/webluatsu_frontend/10/lib/node_modules/axios/lib/core/createError.js:16:15)
    at settle (/home/venerispro/nodevenv/webluatsu_frontend/10/lib/node_modules/axios/lib/core/settle.js:17:12)
    at IncomingMessage.handleStreamEnd (/home/venerispro/nodevenv/webluatsu_frontend/10/lib/node_modules/axios/lib/adapters/http.js:260:11)
    at IncomingMessage.emit (events.js:203:15)
    at endReadableNT (_stream_readable.js:1145:12)
    at process._tickCallback (internal/process/next_tick.js:63:19)
(node:6963) UnhandledPromiseRejectionWarning: Unhandled promise rejection. This error originated either by throwing inside of an async function without a catch block, or by rejecting a promise which was not handled with .catch(). (rejection id: 15)
(node:6963) [DEP0018] DeprecationWarning: Unhandled promise rejections are deprecated. In the future, promise rejections that are not handled will terminate the Node.js process with a non-zero exit code.
(node:55452) UnhandledPromiseRejectionWarning: Error [ERR_HTTP_HEADERS_SENT]: Cannot set headers after they are sent to the client
    at ServerResponse.setHeader (_http_outgoing.js:470:11)
    at ServerResponse.header (/home/venerispro/nodevenv/webluatsu_frontend/10/lib/node_modules/express/lib/response.js:771:10)
    at ServerResponse.send (/home/venerispro/nodevenv/webluatsu_frontend/10/lib/node_modules/express/lib/response.js:170:12)
    at ServerResponse.json (/home/venerispro/nodevenv/webluatsu_frontend/10/lib/node_modules/express/lib/response.js:267:15)
    at /home/venerispro/webluatsu_frontend/routes/client/index.js:69:13
    at process._tickCallback (internal/process/next_tick.js:68:7)
(node:55452) UnhandledPromiseRejectionWarning: Unhandled promise rejection. This error originated either by throwing inside of an async function without a catch block, or by rejecting a promise which was not handled with .catch(). (rejection id: 14)
(node:55452) [DEP0018] DeprecationWarning: Unhandled promise rejections are deprecated. In the future, promise rejections that are not handled will terminate the Node.js process with a non-zero exit code.
